TN:
SF:/drone/src/github.com/schedsite/accounts/projects/accounts/src/test.ts
FNF:0
FNH:0
DA:3,1
DA:4,1
DA:5,1
DA:6,1
DA:8,1
DA:10,1
DA:12,1
LF:7
LH:7
BRF:0
BRH:0
end_of_record
TN:
SF:/drone/src/github.com/schedsite/accounts/projects/accounts/src/test_polyfills.ts
FNF:0
FNH:0
DA:17,1
DA:23,1
DA:29,1
DA:31,1
DA:42,1
DA:64,1
LF:6
LH:6
BRF:0
BRH:0
end_of_record
TN:
SF:/drone/src/github.com/schedsite/accounts/projects/accounts/src/lib/accounts.component.ts
FN:2,(anonymous_0)
FN:8,(anonymous_1)
FN:13,(anonymous_2)
FN:14,AccountsComponent
FN:16,(anonymous_4)
FNF:5
FNH:5
FNDA:1,(anonymous_0)
FNDA:1,(anonymous_1)
FNDA:1,(anonymous_2)
FNDA:1,AccountsComponent
FNDA:1,(anonymous_4)
DA:2,1
DA:3,1
DA:4,1
DA:5,2
DA:6,1
DA:8,1
DA:9,1
DA:11,1
DA:12,1
DA:13,1
DA:16,1
DA:18,1
DA:26,1
DA:28,1
LF:14
LH:14
BRDA:2,0,0,1
BRDA:2,0,1,1
BRDA:2,0,2,1
BRDA:3,1,0,1
BRDA:3,1,1,0
BRDA:3,2,0,0
BRDA:3,2,1,0
BRDA:4,3,0,0
BRDA:4,3,1,1
BRDA:4,4,0,1
BRDA:4,4,1,1
BRDA:5,5,0,2
BRDA:5,5,1,0
BRDA:5,6,0,2
BRDA:5,6,1,1
BRDA:5,7,0,2
BRDA:5,7,1,0
BRDA:5,8,0,0
BRDA:5,8,1,0
BRDA:6,9,0,1
BRDA:6,9,1,0
BRDA:6,9,2,0
BRDA:8,10,0,1
BRDA:8,10,1,1
BRDA:8,10,2,1
BRDA:9,11,0,1
BRDA:9,11,1,0
BRDA:9,12,0,1
BRDA:9,12,1,1
BRF:29
BRH:18
end_of_record
TN:
SF:/drone/src/github.com/schedsite/accounts/projects/accounts/src/lib/accounts.service.ts
FN:2,(anonymous_0)
FN:8,(anonymous_1)
FN:13,(anonymous_2)
FN:14,AccountsService
FNF:4
FNH:4
FNDA:1,(anonymous_0)
FNDA:1,(anonymous_1)
FNDA:1,(anonymous_2)
FNDA:1,AccountsService
DA:2,1
DA:3,1
DA:4,1
DA:5,2
DA:6,1
DA:8,1
DA:9,1
DA:11,1
DA:12,1
DA:13,1
DA:16,1
DA:22,1
DA:24,1
LF:13
LH:13
BRDA:2,0,0,1
BRDA:2,0,1,1
BRDA:2,0,2,1
BRDA:3,1,0,1
BRDA:3,1,1,0
BRDA:3,2,0,0
BRDA:3,2,1,0
BRDA:4,3,0,0
BRDA:4,3,1,1
BRDA:4,4,0,1
BRDA:4,4,1,1
BRDA:5,5,0,2
BRDA:5,5,1,0
BRDA:5,6,0,2
BRDA:5,6,1,1
BRDA:5,7,0,2
BRDA:5,7,1,0
BRDA:5,8,0,0
BRDA:5,8,1,0
BRDA:6,9,0,1
BRDA:6,9,1,0
BRDA:6,9,2,0
BRDA:8,10,0,1
BRDA:8,10,1,1
BRDA:8,10,2,1
BRDA:9,11,0,1
BRDA:9,11,1,0
BRDA:9,12,0,1
BRDA:9,12,1,1
BRF:29
BRH:18
end_of_record
